<?xml version="1.0" encoding="UTF-8"?>
<!-- Generated by org.testng.reporters.JUnitXMLReporter -->
<testsuite ignored="2" hostname="LAPTOP-TT023QHN" failures="0" tests="3" name="netbanking" time="0.063" errors="0" timestamp="2024-04-29T03:24:27 IST">
  <testcase classname="mpack.ClassOne" name="TestOne" time="0.009"/>
  <testcase classname="mpack.CassTwo" name="TestTwo" time="0.001"/>
  <testcase classname="mpack.ClassThree" name="TestThree" time="0.002"/>
  <testcase classname="opack.ClassSix" name="TestSix" time="0.0">
    <ignored/>
  </testcase> <!-- TestSix -->
  <testcase classname="opack.ClassFour" name="TestFour" time="0.0">
    <ignored/>
  </testcase> <!-- TestFour -->
</testsuite> <!-- netbanking -->
