<?xml version="1.0" encoding="UTF-8"?>
<!-- Generated by org.testng.reporters.JUnitXMLReporter -->
<testsuite ignored="0" hostname="LAPTOP-TT023QHN" failures="0" tests="60" name="Test" time="565.771" errors="0" timestamp="2024-05-09T01:08:25 IST">
  <testcase classname="ChromeDesktop.Desktop1" name="site1" time="41.544"/>
  <testcase classname="ChromeDesktop.Desktop1" name="site2" time="19.822"/>
  <testcase classname="ChromeDesktop.Desktop1" name="site3" time="12.061"/>
  <testcase classname="ChromeDesktop.Desktop1" name="site4" time="11.447"/>
  <testcase classname="ChromeDesktop.Desktop1" name="site5" time="9.122"/>
  <testcase classname="ChromeDesktop.Desktop2" name="site1" time="14.427"/>
  <testcase classname="ChromeDesktop.Desktop2" name="site2" time="9.649"/>
  <testcase classname="ChromeDesktop.Desktop2" name="site3" time="8.731"/>
  <testcase classname="ChromeDesktop.Desktop2" name="site4" time="9.327"/>
  <testcase classname="ChromeDesktop.Desktop2" name="site5" time="9.484"/>
  <testcase classname="ChromeDesktop.Desktop3" name="site1" time="13.556"/>
  <testcase classname="ChromeDesktop.Desktop3" name="site2" time="9.713"/>
  <testcase classname="ChromeDesktop.Desktop3" name="site3" time="8.836"/>
  <testcase classname="ChromeDesktop.Desktop3" name="site4" time="9.745"/>
  <testcase classname="ChromeDesktop.Desktop3" name="site5" time="9.188"/>
  <testcase classname="ChromeMobile.Mobile1" name="site1" time="9.437"/>
  <testcase classname="ChromeMobile.Mobile1" name="site2" time="5.848"/>
  <testcase classname="ChromeMobile.Mobile1" name="site3" time="7.201"/>
  <testcase classname="ChromeMobile.Mobile1" name="site4" time="7.595"/>
  <testcase classname="ChromeMobile.Mobile1" name="site5" time="6.735"/>
  <testcase classname="ChromeMobile.Mobile2" name="site1" time="7.691"/>
  <testcase classname="ChromeMobile.Mobile2" name="site2" time="6.271"/>
  <testcase classname="ChromeMobile.Mobile2" name="site3" time="5.659"/>
  <testcase classname="ChromeMobile.Mobile2" name="site4" time="7.667"/>
  <testcase classname="ChromeMobile.Mobile2" name="site5" time="6.564"/>
  <testcase classname="ChromeMobile.Mobile3" name="site1" time="9.548"/>
  <testcase classname="ChromeMobile.Mobile3" name="site2" time="6.249"/>
  <testcase classname="ChromeMobile.Mobile3" name="site3" time="6.446"/>
  <testcase classname="ChromeMobile.Mobile3" name="site4" time="7.106"/>
  <testcase classname="ChromeMobile.Mobile3" name="site5" time="6.958"/>
  <testcase classname="FireFoxDesktop.Desktop1" name="site1" time="16.237"/>
  <testcase classname="FireFoxDesktop.Desktop1" name="site2" time="11.931"/>
  <testcase classname="FireFoxDesktop.Desktop1" name="site3" time="8.998"/>
  <testcase classname="FireFoxDesktop.Desktop1" name="site4" time="8.929"/>
  <testcase classname="FireFoxDesktop.Desktop1" name="site5" time="8.174"/>
  <testcase classname="FireFoxDesktop.Desktop2" name="site1" time="13.561"/>
  <testcase classname="FireFoxDesktop.Desktop2" name="site2" time="10.249"/>
  <testcase classname="FireFoxDesktop.Desktop2" name="site3" time="8.337"/>
  <testcase classname="FireFoxDesktop.Desktop2" name="site4" time="7.595"/>
  <testcase classname="FireFoxDesktop.Desktop2" name="site5" time="8.063"/>
  <testcase classname="FireFoxDesktop.Desktop3" name="site1" time="14.062"/>
  <testcase classname="FireFoxDesktop.Desktop3" name="site2" time="11.236"/>
  <testcase classname="FireFoxDesktop.Desktop3" name="site3" time="7.836"/>
  <testcase classname="FireFoxDesktop.Desktop3" name="site4" time="8.049"/>
  <testcase classname="FireFoxDesktop.Desktop3" name="site5" time="8.052"/>
  <testcase classname="FireFoxMobile.Mobile1" name="site1" time="9.398"/>
  <testcase classname="FireFoxMobile.Mobile1" name="site2" time="7.79"/>
  <testcase classname="FireFoxMobile.Mobile1" name="site3" time="6.494"/>
  <testcase classname="FireFoxMobile.Mobile1" name="site4" time="6.293"/>
  <testcase classname="FireFoxMobile.Mobile1" name="site5" time="6.534"/>
  <testcase classname="FireFoxMobile.Mobile2" name="site1" time="9.535"/>
  <testcase classname="FireFoxMobile.Mobile2" name="site2" time="7.294"/>
  <testcase classname="FireFoxMobile.Mobile2" name="site3" time="6.958"/>
  <testcase classname="FireFoxMobile.Mobile2" name="site4" time="7.184"/>
  <testcase classname="FireFoxMobile.Mobile2" name="site5" time="6.454"/>
  <testcase classname="FireFoxMobile.Mobile3" name="site1" time="9.315"/>
  <testcase classname="FireFoxMobile.Mobile3" name="site2" time="8.189"/>
  <testcase classname="FireFoxMobile.Mobile3" name="site3" time="6.335"/>
  <testcase classname="FireFoxMobile.Mobile3" name="site4" time="6.33"/>
  <testcase classname="FireFoxMobile.Mobile3" name="site5" time="6.59"/>
</testsuite> <!-- Test -->
