<?xml version="1.0" encoding="UTF-8"?>
<testng-results ignored="0" total="60" passed="60" failed="0" skipped="0">
  <reporter-output>
  </reporter-output>
  <suite started-at="2024-05-09T00:59:00 IST" name="Suite" finished-at="2024-05-09T01:08:25 IST" duration-ms="565771">
    <groups>
    </groups>
    <test started-at="2024-05-09T00:59:00 IST" name="Test" finished-at="2024-05-09T01:08:25 IST" duration-ms="565771">
      <class name="FireFoxDesktop.Desktop1">
        <test-method signature="site1()[pri:0, instance:FireFoxDesktop.Desktop1@3c41ed1d]" started-at="2024-05-09T01:04:03 IST" name="site1" finished-at="2024-05-09T01:04:20 IST" duration-ms="16237" status="PASS">
          <reporter-output>
          </reporter-output>
        </test-method> <!-- site1 -->
        <test-method signature="site2()[pri:0, instance:FireFoxDesktop.Desktop1@3c41ed1d]" started-at="2024-05-09T01:04:20 IST" name="site2" finished-at="2024-05-09T01:04:31 IST" duration-ms="11931" status="PASS">
          <reporter-output>
          </reporter-output>
        </test-method> <!-- site2 -->
        <test-method signature="site3()[pri:0, instance:FireFoxDesktop.Desktop1@3c41ed1d]" started-at="2024-05-09T01:04:31 IST" name="site3" finished-at="2024-05-09T01:04:40 IST" duration-ms="8998" status="PASS">
          <reporter-output>
          </reporter-output>
        </test-method> <!-- site3 -->
        <test-method signature="site4()[pri:0, instance:FireFoxDesktop.Desktop1@3c41ed1d]" started-at="2024-05-09T01:04:40 IST" name="site4" finished-at="2024-05-09T01:04:49 IST" duration-ms="8929" status="PASS">
          <reporter-output>
          </reporter-output>
        </test-method> <!-- site4 -->
        <test-method signature="site5()[pri:0, instance:FireFoxDesktop.Desktop1@3c41ed1d]" started-at="2024-05-09T01:04:49 IST" name="site5" finished-at="2024-05-09T01:04:58 IST" duration-ms="8174" status="PASS">
          <reporter-output>
          </reporter-output>
        </test-method> <!-- site5 -->
      </class> <!-- FireFoxDesktop.Desktop1 -->
      <class name="FireFoxDesktop.Desktop2">
        <test-method signature="site1()[pri:0, instance:FireFoxDesktop.Desktop2@54d9d12d]" started-at="2024-05-09T01:04:58 IST" name="site1" finished-at="2024-05-09T01:05:11 IST" duration-ms="13561" status="PASS">
          <reporter-output>
          </reporter-output>
        </test-method> <!-- site1 -->
        <test-method signature="site2()[pri:0, instance:FireFoxDesktop.Desktop2@54d9d12d]" started-at="2024-05-09T01:05:11 IST" name="site2" finished-at="2024-05-09T01:05:21 IST" duration-ms="10249" status="PASS">
          <reporter-output>
          </reporter-output>
        </test-method> <!-- site2 -->
        <test-method signature="site3()[pri:0, instance:FireFoxDesktop.Desktop2@54d9d12d]" started-at="2024-05-09T01:05:21 IST" name="site3" finished-at="2024-05-09T01:05:30 IST" duration-ms="8337" status="PASS">
          <reporter-output>
          </reporter-output>
        </test-method> <!-- site3 -->
        <test-method signature="site4()[pri:0, instance:FireFoxDesktop.Desktop2@54d9d12d]" started-at="2024-05-09T01:05:30 IST" name="site4" finished-at="2024-05-09T01:05:37 IST" duration-ms="7595" status="PASS">
          <reporter-output>
          </reporter-output>
        </test-method> <!-- site4 -->
        <test-method signature="site5()[pri:0, instance:FireFoxDesktop.Desktop2@54d9d12d]" started-at="2024-05-09T01:05:37 IST" name="site5" finished-at="2024-05-09T01:05:45 IST" duration-ms="8063" status="PASS">
          <reporter-output>
          </reporter-output>
        </test-method> <!-- site5 -->
      </class> <!-- FireFoxDesktop.Desktop2 -->
      <class name="FireFoxDesktop.Desktop3">
        <test-method signature="site1()[pri:0, instance:FireFoxDesktop.Desktop3@38425407]" started-at="2024-05-09T01:05:45 IST" name="site1" finished-at="2024-05-09T01:05:59 IST" duration-ms="14062" status="PASS">
          <reporter-output>
          </reporter-output>
        </test-method> <!-- site1 -->
        <test-method signature="site2()[pri:0, instance:FireFoxDesktop.Desktop3@38425407]" started-at="2024-05-09T01:05:59 IST" name="site2" finished-at="2024-05-09T01:06:11 IST" duration-ms="11236" status="PASS">
          <reporter-output>
          </reporter-output>
        </test-method> <!-- site2 -->
        <test-method signature="site3()[pri:0, instance:FireFoxDesktop.Desktop3@38425407]" started-at="2024-05-09T01:06:11 IST" name="site3" finished-at="2024-05-09T01:06:19 IST" duration-ms="7836" status="PASS">
          <reporter-output>
          </reporter-output>
        </test-method> <!-- site3 -->
        <test-method signature="site4()[pri:0, instance:FireFoxDesktop.Desktop3@38425407]" started-at="2024-05-09T01:06:19 IST" name="site4" finished-at="2024-05-09T01:06:27 IST" duration-ms="8049" status="PASS">
          <reporter-output>
          </reporter-output>
        </test-method> <!-- site4 -->
        <test-method signature="site5()[pri:0, instance:FireFoxDesktop.Desktop3@38425407]" started-at="2024-05-09T01:06:27 IST" name="site5" finished-at="2024-05-09T01:06:35 IST" duration-ms="8052" status="PASS">
          <reporter-output>
          </reporter-output>
        </test-method> <!-- site5 -->
      </class> <!-- FireFoxDesktop.Desktop3 -->
      <class name="ChromeMobile.Mobile2">
        <test-method signature="site1()[pri:0, instance:ChromeMobile.Mobile2@45752059]" started-at="2024-05-09T01:02:53 IST" name="site1" finished-at="2024-05-09T01:03:01 IST" duration-ms="7691" status="PASS">
          <reporter-output>
          </reporter-output>
        </test-method> <!-- site1 -->
        <test-method signature="site2()[pri:0, instance:ChromeMobile.Mobile2@45752059]" started-at="2024-05-09T01:03:01 IST" name="site2" finished-at="2024-05-09T01:03:07 IST" duration-ms="6271" status="PASS">
          <reporter-output>
          </reporter-output>
        </test-method> <!-- site2 -->
        <test-method signature="site3()[pri:0, instance:ChromeMobile.Mobile2@45752059]" started-at="2024-05-09T01:03:07 IST" name="site3" finished-at="2024-05-09T01:03:13 IST" duration-ms="5659" status="PASS">
          <reporter-output>
          </reporter-output>
        </test-method> <!-- site3 -->
        <test-method signature="site4()[pri:0, instance:ChromeMobile.Mobile2@45752059]" started-at="2024-05-09T01:03:13 IST" name="site4" finished-at="2024-05-09T01:03:20 IST" duration-ms="7667" status="PASS">
          <reporter-output>
          </reporter-output>
        </test-method> <!-- site4 -->
        <test-method signature="site5()[pri:0, instance:ChromeMobile.Mobile2@45752059]" started-at="2024-05-09T01:03:20 IST" name="site5" finished-at="2024-05-09T01:03:27 IST" duration-ms="6564" status="PASS">
          <reporter-output>
          </reporter-output>
        </test-method> <!-- site5 -->
      </class> <!-- ChromeMobile.Mobile2 -->
      <class name="ChromeDesktop.Desktop3">
        <test-method signature="site1()[pri:0, instance:ChromeDesktop.Desktop3@22555ebf]" started-at="2024-05-09T01:01:25 IST" name="site1" finished-at="2024-05-09T01:01:39 IST" duration-ms="13556" status="PASS">
          <reporter-output>
          </reporter-output>
        </test-method> <!-- site1 -->
        <test-method signature="site2()[pri:0, instance:ChromeDesktop.Desktop3@22555ebf]" started-at="2024-05-09T01:01:39 IST" name="site2" finished-at="2024-05-09T01:01:49 IST" duration-ms="9713" status="PASS">
          <reporter-output>
          </reporter-output>
        </test-method> <!-- site2 -->
        <test-method signature="site3()[pri:0, instance:ChromeDesktop.Desktop3@22555ebf]" started-at="2024-05-09T01:01:49 IST" name="site3" finished-at="2024-05-09T01:01:57 IST" duration-ms="8836" status="PASS">
          <reporter-output>
          </reporter-output>
        </test-method> <!-- site3 -->
        <test-method signature="site4()[pri:0, instance:ChromeDesktop.Desktop3@22555ebf]" started-at="2024-05-09T01:01:57 IST" name="site4" finished-at="2024-05-09T01:02:07 IST" duration-ms="9745" status="PASS">
          <reporter-output>
          </reporter-output>
        </test-method> <!-- site4 -->
        <test-method signature="site5()[pri:0, instance:ChromeDesktop.Desktop3@22555ebf]" started-at="2024-05-09T01:02:07 IST" name="site5" finished-at="2024-05-09T01:02:16 IST" duration-ms="9188" status="PASS">
          <reporter-output>
          </reporter-output>
        </test-method> <!-- site5 -->
      </class> <!-- ChromeDesktop.Desktop3 -->
      <class name="FireFoxMobile.Mobile3">
        <test-method signature="site1()[pri:0, instance:FireFoxMobile.Mobile3@6a6cb05c]" started-at="2024-05-09T01:07:49 IST" name="site1" finished-at="2024-05-09T01:07:58 IST" duration-ms="9315" status="PASS">
          <reporter-output>
          </reporter-output>
        </test-method> <!-- site1 -->
        <test-method signature="site2()[pri:0, instance:FireFoxMobile.Mobile3@6a6cb05c]" started-at="2024-05-09T01:07:58 IST" name="site2" finished-at="2024-05-09T01:08:06 IST" duration-ms="8189" status="PASS">
          <reporter-output>
          </reporter-output>
        </test-method> <!-- site2 -->
        <test-method signature="site3()[pri:0, instance:FireFoxMobile.Mobile3@6a6cb05c]" started-at="2024-05-09T01:08:06 IST" name="site3" finished-at="2024-05-09T01:08:12 IST" duration-ms="6335" status="PASS">
          <reporter-output>
          </reporter-output>
        </test-method> <!-- site3 -->
        <test-method signature="site4()[pri:0, instance:FireFoxMobile.Mobile3@6a6cb05c]" started-at="2024-05-09T01:08:12 IST" name="site4" finished-at="2024-05-09T01:08:19 IST" duration-ms="6330" status="PASS">
          <reporter-output>
          </reporter-output>
        </test-method> <!-- site4 -->
        <test-method signature="site5()[pri:0, instance:FireFoxMobile.Mobile3@6a6cb05c]" started-at="2024-05-09T01:08:19 IST" name="site5" finished-at="2024-05-09T01:08:25 IST" duration-ms="6590" status="PASS">
          <reporter-output>
          </reporter-output>
        </test-method> <!-- site5 -->
      </class> <!-- FireFoxMobile.Mobile3 -->
      <class name="ChromeMobile.Mobile3">
        <test-method signature="site1()[pri:0, instance:ChromeMobile.Mobile3@34e9fd99]" started-at="2024-05-09T01:03:27 IST" name="site1" finished-at="2024-05-09T01:03:37 IST" duration-ms="9548" status="PASS">
          <reporter-output>
          </reporter-output>
        </test-method> <!-- site1 -->
        <test-method signature="site2()[pri:0, instance:ChromeMobile.Mobile3@34e9fd99]" started-at="2024-05-09T01:03:37 IST" name="site2" finished-at="2024-05-09T01:03:43 IST" duration-ms="6249" status="PASS">
          <reporter-output>
          </reporter-output>
        </test-method> <!-- site2 -->
        <test-method signature="site3()[pri:0, instance:ChromeMobile.Mobile3@34e9fd99]" started-at="2024-05-09T01:03:43 IST" name="site3" finished-at="2024-05-09T01:03:49 IST" duration-ms="6446" status="PASS">
          <reporter-output>
          </reporter-output>
        </test-method> <!-- site3 -->
        <test-method signature="site4()[pri:0, instance:ChromeMobile.Mobile3@34e9fd99]" started-at="2024-05-09T01:03:49 IST" name="site4" finished-at="2024-05-09T01:03:56 IST" duration-ms="7106" status="PASS">
          <reporter-output>
          </reporter-output>
        </test-method> <!-- site4 -->
        <test-method signature="site5()[pri:0, instance:ChromeMobile.Mobile3@34e9fd99]" started-at="2024-05-09T01:03:56 IST" name="site5" finished-at="2024-05-09T01:04:03 IST" duration-ms="6958" status="PASS">
          <reporter-output>
          </reporter-output>
        </test-method> <!-- site5 -->
      </class> <!-- ChromeMobile.Mobile3 -->
      <class name="ChromeDesktop.Desktop2">
        <test-method signature="site1()[pri:0, instance:ChromeDesktop.Desktop2@292b08d6]" started-at="2024-05-09T01:00:34 IST" name="site1" finished-at="2024-05-09T01:00:48 IST" duration-ms="14427" status="PASS">
          <reporter-output>
          </reporter-output>
        </test-method> <!-- site1 -->
        <test-method signature="site2()[pri:0, instance:ChromeDesktop.Desktop2@292b08d6]" started-at="2024-05-09T01:00:48 IST" name="site2" finished-at="2024-05-09T01:00:58 IST" duration-ms="9649" status="PASS">
          <reporter-output>
          </reporter-output>
        </test-method> <!-- site2 -->
        <test-method signature="site3()[pri:0, instance:ChromeDesktop.Desktop2@292b08d6]" started-at="2024-05-09T01:00:58 IST" name="site3" finished-at="2024-05-09T01:01:06 IST" duration-ms="8731" status="PASS">
          <reporter-output>
          </reporter-output>
        </test-method> <!-- site3 -->
        <test-method signature="site4()[pri:0, instance:ChromeDesktop.Desktop2@292b08d6]" started-at="2024-05-09T01:01:06 IST" name="site4" finished-at="2024-05-09T01:01:16 IST" duration-ms="9327" status="PASS">
          <reporter-output>
          </reporter-output>
        </test-method> <!-- site4 -->
        <test-method signature="site5()[pri:0, instance:ChromeDesktop.Desktop2@292b08d6]" started-at="2024-05-09T01:01:16 IST" name="site5" finished-at="2024-05-09T01:01:25 IST" duration-ms="9484" status="PASS">
          <reporter-output>
          </reporter-output>
        </test-method> <!-- site5 -->
      </class> <!-- ChromeDesktop.Desktop2 -->
      <class name="FireFoxMobile.Mobile2">
        <test-method signature="site1()[pri:0, instance:FireFoxMobile.Mobile2@702657cc]" started-at="2024-05-09T01:07:11 IST" name="site1" finished-at="2024-05-09T01:07:21 IST" duration-ms="9535" status="PASS">
          <reporter-output>
          </reporter-output>
        </test-method> <!-- site1 -->
        <test-method signature="site2()[pri:0, instance:FireFoxMobile.Mobile2@702657cc]" started-at="2024-05-09T01:07:21 IST" name="site2" finished-at="2024-05-09T01:07:28 IST" duration-ms="7294" status="PASS">
          <reporter-output>
          </reporter-output>
        </test-method> <!-- site2 -->
        <test-method signature="site3()[pri:0, instance:FireFoxMobile.Mobile2@702657cc]" started-at="2024-05-09T01:07:28 IST" name="site3" finished-at="2024-05-09T01:07:35 IST" duration-ms="6958" status="PASS">
          <reporter-output>
          </reporter-output>
        </test-method> <!-- site3 -->
        <test-method signature="site4()[pri:0, instance:FireFoxMobile.Mobile2@702657cc]" started-at="2024-05-09T01:07:35 IST" name="site4" finished-at="2024-05-09T01:07:42 IST" duration-ms="7184" status="PASS">
          <reporter-output>
          </reporter-output>
        </test-method> <!-- site4 -->
        <test-method signature="site5()[pri:0, instance:FireFoxMobile.Mobile2@702657cc]" started-at="2024-05-09T01:07:42 IST" name="site5" finished-at="2024-05-09T01:07:49 IST" duration-ms="6454" status="PASS">
          <reporter-output>
          </reporter-output>
        </test-method> <!-- site5 -->
      </class> <!-- FireFoxMobile.Mobile2 -->
      <class name="ChromeDesktop.Desktop1">
        <test-method signature="site1()[pri:0, instance:ChromeDesktop.Desktop1@75d4a5c2]" started-at="2024-05-09T00:59:00 IST" name="site1" finished-at="2024-05-09T00:59:41 IST" duration-ms="41544" status="PASS">
          <reporter-output>
          </reporter-output>
        </test-method> <!-- site1 -->
        <test-method signature="site2()[pri:0, instance:ChromeDesktop.Desktop1@75d4a5c2]" started-at="2024-05-09T00:59:41 IST" name="site2" finished-at="2024-05-09T01:00:01 IST" duration-ms="19822" status="PASS">
          <reporter-output>
          </reporter-output>
        </test-method> <!-- site2 -->
        <test-method signature="site3()[pri:0, instance:ChromeDesktop.Desktop1@75d4a5c2]" started-at="2024-05-09T01:00:01 IST" name="site3" finished-at="2024-05-09T01:00:13 IST" duration-ms="12061" status="PASS">
          <reporter-output>
          </reporter-output>
        </test-method> <!-- site3 -->
        <test-method signature="site4()[pri:0, instance:ChromeDesktop.Desktop1@75d4a5c2]" started-at="2024-05-09T01:00:13 IST" name="site4" finished-at="2024-05-09T01:00:24 IST" duration-ms="11447" status="PASS">
          <reporter-output>
          </reporter-output>
        </test-method> <!-- site4 -->
        <test-method signature="site5()[pri:0, instance:ChromeDesktop.Desktop1@75d4a5c2]" started-at="2024-05-09T01:00:25 IST" name="site5" finished-at="2024-05-09T01:00:34 IST" duration-ms="9122" status="PASS">
          <reporter-output>
          </reporter-output>
        </test-method> <!-- site5 -->
      </class> <!-- ChromeDesktop.Desktop1 -->
      <class name="FireFoxMobile.Mobile1">
        <test-method signature="site1()[pri:0, instance:FireFoxMobile.Mobile1@43bc63a3]" started-at="2024-05-09T01:06:35 IST" name="site1" finished-at="2024-05-09T01:06:44 IST" duration-ms="9398" status="PASS">
          <reporter-output>
          </reporter-output>
        </test-method> <!-- site1 -->
        <test-method signature="site2()[pri:0, instance:FireFoxMobile.Mobile1@43bc63a3]" started-at="2024-05-09T01:06:44 IST" name="site2" finished-at="2024-05-09T01:06:52 IST" duration-ms="7790" status="PASS">
          <reporter-output>
          </reporter-output>
        </test-method> <!-- site2 -->
        <test-method signature="site3()[pri:0, instance:FireFoxMobile.Mobile1@43bc63a3]" started-at="2024-05-09T01:06:52 IST" name="site3" finished-at="2024-05-09T01:06:58 IST" duration-ms="6494" status="PASS">
          <reporter-output>
          </reporter-output>
        </test-method> <!-- site3 -->
        <test-method signature="site4()[pri:0, instance:FireFoxMobile.Mobile1@43bc63a3]" started-at="2024-05-09T01:06:58 IST" name="site4" finished-at="2024-05-09T01:07:05 IST" duration-ms="6293" status="PASS">
          <reporter-output>
          </reporter-output>
        </test-method> <!-- site4 -->
        <test-method signature="site5()[pri:0, instance:FireFoxMobile.Mobile1@43bc63a3]" started-at="2024-05-09T01:07:05 IST" name="site5" finished-at="2024-05-09T01:07:11 IST" duration-ms="6534" status="PASS">
          <reporter-output>
          </reporter-output>
        </test-method> <!-- site5 -->
      </class> <!-- FireFoxMobile.Mobile1 -->
      <class name="ChromeMobile.Mobile1">
        <test-method signature="site1()[pri:0, instance:ChromeMobile.Mobile1@36ebc363]" started-at="2024-05-09T01:02:16 IST" name="site1" finished-at="2024-05-09T01:02:26 IST" duration-ms="9437" status="PASS">
          <reporter-output>
          </reporter-output>
        </test-method> <!-- site1 -->
        <test-method signature="site2()[pri:0, instance:ChromeMobile.Mobile1@36ebc363]" started-at="2024-05-09T01:02:26 IST" name="site2" finished-at="2024-05-09T01:02:32 IST" duration-ms="5848" status="PASS">
          <reporter-output>
          </reporter-output>
        </test-method> <!-- site2 -->
        <test-method signature="site3()[pri:0, instance:ChromeMobile.Mobile1@36ebc363]" started-at="2024-05-09T01:02:32 IST" name="site3" finished-at="2024-05-09T01:02:39 IST" duration-ms="7201" status="PASS">
          <reporter-output>
          </reporter-output>
        </test-method> <!-- site3 -->
        <test-method signature="site4()[pri:0, instance:ChromeMobile.Mobile1@36ebc363]" started-at="2024-05-09T01:02:39 IST" name="site4" finished-at="2024-05-09T01:02:46 IST" duration-ms="7595" status="PASS">
          <reporter-output>
          </reporter-output>
        </test-method> <!-- site4 -->
        <test-method signature="site5()[pri:0, instance:ChromeMobile.Mobile1@36ebc363]" started-at="2024-05-09T01:02:46 IST" name="site5" finished-at="2024-05-09T01:02:53 IST" duration-ms="6735" status="PASS">
          <reporter-output>
          </reporter-output>
        </test-method> <!-- site5 -->
      </class> <!-- ChromeMobile.Mobile1 -->
    </test> <!-- Test -->
  </suite> <!-- Suite -->
</testng-results>
